2021-10-06 09:50:39,089 WARNING where ffplay
2021-10-06 09:50:39,176 INFO None...
2021-10-06 09:50:39,177 INFO Windows Muz
2021-10-06 09:50:39,178 INFO Copyright (C) userElaina. All rights reserved.
2021-10-06 09:50:39,178 INFO  
2021-10-06 09:50:39,178 INFO Get the source  https://github.com/userElaina/console-music-player
2021-10-06 09:50:39,179 INFO  
2021-10-06 09:50:39,179 INFO None...
2021-10-06 09:50:42,995 DEBUG cd ../../music/new/cv
2021-10-06 09:50:42,995 DEBUG ('cd', '../../music/new/cv')
2021-10-06 09:50:42,998 INFO None...
2021-10-06 09:50:44,433 DEBUG u
2021-10-06 09:50:44,433 DEBUG ('u', '')
2021-10-06 09:50:44,433 INFO None...
2021-10-06 09:50:44,439 WARNING ffprobe -show_format "C:\All\Sakura\music\new\cv\Tr-09 - A Knight's Return.mp3"
2021-10-06 09:50:44,502 INFO [36mC:\All\Sakura\music\new\cv\Tr-09 - A Knight's Return.mp3[0m
2021-10-06 09:50:44,502 WARNING ffplay -nodisp -autoexit -hide_banner -loglevel quiet "C:\All\Sakura\music\new\cv\Tr-09 - A Knight's Return.mp3"
2021-10-06 09:50:46,383 DEBUG w
2021-10-06 09:50:46,383 DEBUG ('w', '')
2021-10-06 09:50:46,384 INFO random 1 playing
2021-10-06 09:50:46,384 INFO [36mC:\All\Sakura\music\new\cv\Tr-09 - A Knight's Return.mp3[0m
2021-10-06 09:50:46,384 INFO 0:1.88/2:21.09 1.33%
2021-10-06 09:50:46,385 INFO MP2/3 (MPEG audio layer 2/3) 125.00Kbps 2.15MB 51pts
2021-10-06 09:50:48,968 DEBUG p
2021-10-06 09:50:48,968 DEBUG ('p', '')
2021-10-06 09:50:48,968 INFO None...
2021-10-06 09:50:48,969 INFO pause
2021-10-06 09:50:48,969 WARNING taskkill -f -im ffplay.exe
2021-10-06 09:50:49,690 DEBUG w
2021-10-06 09:50:49,690 DEBUG ('w', '')
2021-10-06 09:50:49,690 INFO random 1 paused
2021-10-06 09:50:49,691 INFO [36mC:\All\Sakura\music\new\cv\Tr-09 - A Knight's Return.mp3[0m
2021-10-06 09:50:49,692 INFO 0:4.47/2:21.09 3.17%
2021-10-06 09:50:49,692 INFO MP2/3 (MPEG audio layer 2/3) 125.00Kbps 2.15MB 51pts
2021-10-06 09:50:51,561 DEBUG w
2021-10-06 09:50:51,561 DEBUG ('w', '')
2021-10-06 09:50:51,562 INFO random 1 paused
2021-10-06 09:50:51,562 INFO [36mC:\All\Sakura\music\new\cv\Tr-09 - A Knight's Return.mp3[0m
2021-10-06 09:50:51,563 INFO 0:4.47/2:21.09 3.17%
2021-10-06 09:50:51,563 INFO MP2/3 (MPEG audio layer 2/3) 125.00Kbps 2.15MB 51pts
2021-10-06 09:50:52,691 DEBUG p
2021-10-06 09:50:52,691 DEBUG ('p', '')
2021-10-06 09:50:52,691 INFO restart
2021-10-06 09:50:52,855 WARNING ffprobe -show_format "C:\All\Sakura\music\new\cv\Tr-09 - A Knight's Return.mp3"
2021-10-06 09:50:52,900 INFO [36mC:\All\Sakura\music\new\cv\Tr-09 - A Knight's Return.mp3[0m
2021-10-06 09:50:52,900 WARNING ffplay -nodisp -autoexit -hide_banner -loglevel quiet -ss 4.467162132263184 "C:\All\Sakura\music\new\cv\Tr-09 - A Knight's Return.mp3"
2021-10-06 09:50:54,194 DEBUG w
2021-10-06 09:50:54,194 DEBUG ('w', '')
2021-10-06 09:50:54,195 INFO random 2 playing
2021-10-06 09:50:54,195 INFO [36mC:\All\Sakura\music\new\cv\Tr-09 - A Knight's Return.mp3[0m
2021-10-06 09:50:54,196 INFO 0:5.76/2:21.09 4.08%
2021-10-06 09:50:54,197 INFO MP2/3 (MPEG audio layer 2/3) 125.00Kbps 2.15MB 51pts
2021-10-06 09:50:55,877 DEBUG w
2021-10-06 09:50:55,878 DEBUG ('w', '')
2021-10-06 09:50:55,878 INFO random 2 playing
2021-10-06 09:50:55,879 INFO [36mC:\All\Sakura\music\new\cv\Tr-09 - A Knight's Return.mp3[0m
2021-10-06 09:50:55,879 INFO 0:7.45/2:21.09 5.28%
2021-10-06 09:50:55,880 INFO MP2/3 (MPEG audio layer 2/3) 125.00Kbps 2.15MB 51pts
2021-10-06 09:50:56,252 DEBUG w
2021-10-06 09:50:56,252 DEBUG ('w', '')
2021-10-06 09:50:56,252 INFO random 2 playing
2021-10-06 09:50:56,252 INFO [36mC:\All\Sakura\music\new\cv\Tr-09 - A Knight's Return.mp3[0m
2021-10-06 09:50:56,253 INFO 0:7.82/2:21.09 5.54%
2021-10-06 09:50:56,253 INFO MP2/3 (MPEG audio layer 2/3) 125.00Kbps 2.15MB 51pts
2021-10-06 09:50:56,552 DEBUG w
2021-10-06 09:50:56,552 DEBUG ('w', '')
2021-10-06 09:50:56,552 INFO random 2 playing
2021-10-06 09:50:56,553 INFO [36mC:\All\Sakura\music\new\cv\Tr-09 - A Knight's Return.mp3[0m
2021-10-06 09:50:56,553 INFO 0:8.12/2:21.09 5.76%
2021-10-06 09:50:56,554 INFO MP2/3 (MPEG audio layer 2/3) 125.00Kbps 2.15MB 51pts
2021-10-06 09:50:56,818 DEBUG w
2021-10-06 09:50:56,818 DEBUG ('w', '')
2021-10-06 09:50:56,818 INFO random 2 playing
2021-10-06 09:50:56,819 INFO [36mC:\All\Sakura\music\new\cv\Tr-09 - A Knight's Return.mp3[0m
2021-10-06 09:50:56,819 INFO 0:8.39/2:21.09 5.94%
2021-10-06 09:50:56,820 INFO MP2/3 (MPEG audio layer 2/3) 125.00Kbps 2.15MB 51pts
2021-10-06 09:50:57,085 DEBUG w
2021-10-06 09:50:57,085 DEBUG ('w', '')
2021-10-06 09:50:57,085 INFO random 2 playing
2021-10-06 09:50:57,086 INFO [36mC:\All\Sakura\music\new\cv\Tr-09 - A Knight's Return.mp3[0m
2021-10-06 09:50:57,086 INFO 0:8.65/2:21.09 6.13%
2021-10-06 09:50:57,087 INFO MP2/3 (MPEG audio layer 2/3) 125.00Kbps 2.15MB 51pts
2021-10-06 09:50:57,419 DEBUG w
2021-10-06 09:50:57,419 DEBUG ('w', '')
2021-10-06 09:50:57,419 INFO random 2 playing
2021-10-06 09:50:57,420 INFO [36mC:\All\Sakura\music\new\cv\Tr-09 - A Knight's Return.mp3[0m
2021-10-06 09:50:57,420 INFO 0:8.99/2:21.09 6.37%
2021-10-06 09:50:57,421 INFO MP2/3 (MPEG audio layer 2/3) 125.00Kbps 2.15MB 51pts
2021-10-06 09:51:08,415 DEBUG w
2021-10-06 09:51:08,415 DEBUG ('w', '')
2021-10-06 09:51:08,415 INFO random 2 playing
2021-10-06 09:51:08,416 INFO [36mC:\All\Sakura\music\new\cv\Tr-09 - A Knight's Return.mp3[0m
2021-10-06 09:51:08,416 INFO 0:19.98/2:21.09 14.16%
2021-10-06 09:51:08,417 INFO MP2/3 (MPEG audio layer 2/3) 125.00Kbps 2.15MB 51pts
2021-10-06 09:51:11,457 DEBUG p+
2021-10-06 09:51:11,457 DEBUG ('p', '')
2021-10-06 09:51:11,457 INFO None...
2021-10-06 09:51:11,458 INFO pause
2021-10-06 09:51:11,458 WARNING taskkill -f -im ffplay.exe
2021-10-06 09:51:12,356 DEBUG w
2021-10-06 09:51:12,356 DEBUG ('w', '')
2021-10-06 09:51:12,357 INFO random 2 paused
2021-10-06 09:51:12,357 INFO [36mC:\All\Sakura\music\new\cv\Tr-09 - A Knight's Return.mp3[0m
2021-10-06 09:51:12,357 INFO 0:0.00/2:21.09 0.0%
2021-10-06 09:51:12,358 INFO MP2/3 (MPEG audio layer 2/3) 125.00Kbps 2.15MB 51pts
2021-10-06 09:51:13,232 DEBUG w
2021-10-06 09:51:13,232 DEBUG ('w', '')
2021-10-06 09:51:13,233 INFO random 2 paused
2021-10-06 09:51:13,233 INFO [36mC:\All\Sakura\music\new\cv\Tr-09 - A Knight's Return.mp3[0m
2021-10-06 09:51:13,234 INFO 0:0.00/2:21.09 0.0%
2021-10-06 09:51:13,234 INFO MP2/3 (MPEG audio layer 2/3) 125.00Kbps 2.15MB 51pts
2021-10-06 09:51:13,514 DEBUG w
2021-10-06 09:51:13,514 DEBUG ('w', '')
2021-10-06 09:51:13,515 INFO random 2 paused
2021-10-06 09:51:13,515 INFO [36mC:\All\Sakura\music\new\cv\Tr-09 - A Knight's Return.mp3[0m
2021-10-06 09:51:13,516 INFO 0:0.00/2:21.09 0.0%
2021-10-06 09:51:13,516 INFO MP2/3 (MPEG audio layer 2/3) 125.00Kbps 2.15MB 51pts
2021-10-06 09:51:13,692 DEBUG w
2021-10-06 09:51:13,693 DEBUG ('w', '')
2021-10-06 09:51:13,694 INFO random 2 paused
2021-10-06 09:51:13,694 INFO [36mC:\All\Sakura\music\new\cv\Tr-09 - A Knight's Return.mp3[0m
2021-10-06 09:51:13,695 INFO 0:0.00/2:21.09 0.0%
2021-10-06 09:51:13,695 INFO MP2/3 (MPEG audio layer 2/3) 125.00Kbps 2.15MB 51pts
2021-10-06 09:51:13,863 DEBUG w
2021-10-06 09:51:13,863 DEBUG ('w', '')
2021-10-06 09:51:13,864 INFO random 2 paused
2021-10-06 09:51:13,865 INFO [36mC:\All\Sakura\music\new\cv\Tr-09 - A Knight's Return.mp3[0m
2021-10-06 09:51:13,865 INFO 0:0.00/2:21.09 0.0%
2021-10-06 09:51:13,866 INFO MP2/3 (MPEG audio layer 2/3) 125.00Kbps 2.15MB 51pts
2021-10-06 09:51:14,025 DEBUG w
2021-10-06 09:51:14,025 DEBUG ('w', '')
2021-10-06 09:51:14,025 INFO random 2 paused
2021-10-06 09:51:14,025 INFO [36mC:\All\Sakura\music\new\cv\Tr-09 - A Knight's Return.mp3[0m
2021-10-06 09:51:14,027 INFO 0:0.00/2:21.09 0.0%
2021-10-06 09:51:14,027 INFO MP2/3 (MPEG audio layer 2/3) 125.00Kbps 2.15MB 51pts
2021-10-06 09:51:14,171 DEBUG w
2021-10-06 09:51:14,171 DEBUG ('w', '')
2021-10-06 09:51:14,172 INFO random 2 paused
2021-10-06 09:51:14,172 INFO [36mC:\All\Sakura\music\new\cv\Tr-09 - A Knight's Return.mp3[0m
2021-10-06 09:51:14,173 INFO 0:0.00/2:21.09 0.0%
2021-10-06 09:51:14,173 INFO MP2/3 (MPEG audio layer 2/3) 125.00Kbps 2.15MB 51pts
2021-10-06 09:51:14,318 DEBUG w
2021-10-06 09:51:14,318 DEBUG ('w', '')
2021-10-06 09:51:14,319 INFO random 2 paused
2021-10-06 09:51:14,319 INFO [36mC:\All\Sakura\music\new\cv\Tr-09 - A Knight's Return.mp3[0m
2021-10-06 09:51:14,320 INFO 0:0.00/2:21.09 0.0%
2021-10-06 09:51:14,320 INFO MP2/3 (MPEG audio layer 2/3) 125.00Kbps 2.15MB 51pts
2021-10-06 09:51:14,468 DEBUG w
2021-10-06 09:51:14,468 DEBUG ('w', '')
2021-10-06 09:51:14,468 INFO random 2 paused
2021-10-06 09:51:14,468 INFO [36mC:\All\Sakura\music\new\cv\Tr-09 - A Knight's Return.mp3[0m
2021-10-06 09:51:14,469 INFO 0:0.00/2:21.09 0.0%
2021-10-06 09:51:14,469 INFO MP2/3 (MPEG audio layer 2/3) 125.00Kbps 2.15MB 51pts
2021-10-06 09:51:15,044 DEBUG w
2021-10-06 09:51:15,044 DEBUG ('w', '')
2021-10-06 09:51:15,044 INFO random 2 paused
2021-10-06 09:51:15,045 INFO [36mC:\All\Sakura\music\new\cv\Tr-09 - A Knight's Return.mp3[0m
2021-10-06 09:51:15,045 INFO 0:0.00/2:21.09 0.0%
2021-10-06 09:51:15,046 INFO MP2/3 (MPEG audio layer 2/3) 125.00Kbps 2.15MB 51pts
2021-10-06 09:51:16,134 DEBUG p
2021-10-06 09:51:16,134 DEBUG ('p', '')
2021-10-06 09:51:16,134 INFO restart
2021-10-06 09:51:16,262 WARNING ffprobe -show_format "C:\All\Sakura\music\new\cv\Tr-09 - A Knight's Return.mp3"
2021-10-06 09:51:16,310 INFO [36mC:\All\Sakura\music\new\cv\Tr-09 - A Knight's Return.mp3[0m
2021-10-06 09:51:16,310 WARNING ffplay -nodisp -autoexit -hide_banner -loglevel quiet "C:\All\Sakura\music\new\cv\Tr-09 - A Knight's Return.mp3"
2021-10-06 09:51:18,595 DEBUG p+
2021-10-06 09:51:18,595 DEBUG ('p', '')
2021-10-06 09:51:18,595 INFO None...
2021-10-06 09:51:18,595 INFO pause
2021-10-06 09:51:18,596 WARNING taskkill -f -im ffplay.exe
2021-10-06 09:51:21,899 DEBUG p+
2021-10-06 09:51:21,899 DEBUG ('p', '')
2021-10-06 09:51:21,899 INFO restart
2021-10-06 09:51:22,064 WARNING ffprobe -show_format "C:\All\Sakura\music\new\cv\Tr-09 - A Knight's Return.mp3"
2021-10-06 09:51:22,110 INFO [36mC:\All\Sakura\music\new\cv\Tr-09 - A Knight's Return.mp3[0m
2021-10-06 09:51:22,110 WARNING ffplay -nodisp -autoexit -hide_banner -loglevel quiet "C:\All\Sakura\music\new\cv\Tr-09 - A Knight's Return.mp3"
2021-10-06 09:51:23,471 DEBUG w
2021-10-06 09:51:23,471 DEBUG ('w', '')
2021-10-06 09:51:23,471 INFO random 4 playing
2021-10-06 09:51:23,472 INFO [36mC:\All\Sakura\music\new\cv\Tr-09 - A Knight's Return.mp3[0m
2021-10-06 09:51:23,472 INFO 0:1.36/2:21.09 0.97%
2021-10-06 09:51:23,473 INFO MP2/3 (MPEG audio layer 2/3) 125.00Kbps 2.15MB 51pts
2021-10-06 09:51:28,574 DEBUG w
2021-10-06 09:51:28,575 DEBUG ('w', '')
2021-10-06 09:51:28,575 INFO random 4 playing
2021-10-06 09:51:28,576 INFO [36mC:\All\Sakura\music\new\cv\Tr-09 - A Knight's Return.mp3[0m
2021-10-06 09:51:28,576 INFO 0:6.47/2:21.09 4.58%
2021-10-06 09:51:28,577 INFO MP2/3 (MPEG audio layer 2/3) 125.00Kbps 2.15MB 51pts
2021-10-06 09:51:31,575 DEBUG w
2021-10-06 09:51:31,576 DEBUG ('w', '')
2021-10-06 09:51:31,576 INFO random 4 playing
2021-10-06 09:51:31,576 INFO [36mC:\All\Sakura\music\new\cv\Tr-09 - A Knight's Return.mp3[0m
2021-10-06 09:51:31,577 INFO 0:9.47/2:21.09 6.71%
2021-10-06 09:51:31,577 INFO MP2/3 (MPEG audio layer 2/3) 125.00Kbps 2.15MB 51pts
2021-10-06 09:51:31,753 DEBUG p
2021-10-06 09:51:31,753 DEBUG ('p', '')
2021-10-06 09:51:31,753 INFO None...
2021-10-06 09:51:31,753 INFO pause
2021-10-06 09:51:31,754 WARNING taskkill -f -im ffplay.exe
2021-10-06 09:51:33,848 DEBUG w
2021-10-06 09:51:33,849 DEBUG ('w', '')
2021-10-06 09:51:33,849 INFO random 4 paused
2021-10-06 09:51:33,850 INFO [36mC:\All\Sakura\music\new\cv\Tr-09 - A Knight's Return.mp3[0m
2021-10-06 09:51:33,850 INFO 0:9.64/2:21.09 6.84%
2021-10-06 09:51:33,850 INFO MP2/3 (MPEG audio layer 2/3) 125.00Kbps 2.15MB 51pts
2021-10-06 09:51:36,314 DEBUG w
2021-10-06 09:51:36,315 DEBUG ('w', '')
2021-10-06 09:51:36,315 INFO random 4 paused
2021-10-06 09:51:36,316 INFO [36mC:\All\Sakura\music\new\cv\Tr-09 - A Knight's Return.mp3[0m
2021-10-06 09:51:36,316 INFO 0:9.64/2:21.09 6.84%
2021-10-06 09:51:36,317 INFO MP2/3 (MPEG audio layer 2/3) 125.00Kbps 2.15MB 51pts
2021-10-06 09:51:36,713 DEBUG w
2021-10-06 09:51:36,713 DEBUG ('w', '')
2021-10-06 09:51:36,714 INFO random 4 paused
2021-10-06 09:51:36,714 INFO [36mC:\All\Sakura\music\new\cv\Tr-09 - A Knight's Return.mp3[0m
2021-10-06 09:51:36,715 INFO 0:9.64/2:21.09 6.84%
2021-10-06 09:51:36,715 INFO MP2/3 (MPEG audio layer 2/3) 125.00Kbps 2.15MB 51pts
2021-10-06 09:51:37,069 DEBUG w
2021-10-06 09:51:37,069 DEBUG ('w', '')
2021-10-06 09:51:37,069 INFO random 4 paused
2021-10-06 09:51:37,070 INFO [36mC:\All\Sakura\music\new\cv\Tr-09 - A Knight's Return.mp3[0m
2021-10-06 09:51:37,071 INFO 0:9.64/2:21.09 6.84%
2021-10-06 09:51:37,071 INFO MP2/3 (MPEG audio layer 2/3) 125.00Kbps 2.15MB 51pts
2021-10-06 09:51:37,400 DEBUG w
2021-10-06 09:51:37,400 DEBUG ('w', '')
2021-10-06 09:51:37,401 INFO random 4 paused
2021-10-06 09:51:37,401 INFO [36mC:\All\Sakura\music\new\cv\Tr-09 - A Knight's Return.mp3[0m
2021-10-06 09:51:37,402 INFO 0:9.64/2:21.09 6.84%
2021-10-06 09:51:37,402 INFO MP2/3 (MPEG audio layer 2/3) 125.00Kbps 2.15MB 51pts
2021-10-06 09:51:37,774 DEBUG w
2021-10-06 09:51:37,775 DEBUG ('w', '')
2021-10-06 09:51:37,775 INFO random 4 paused
2021-10-06 09:51:37,775 INFO [36mC:\All\Sakura\music\new\cv\Tr-09 - A Knight's Return.mp3[0m
2021-10-06 09:51:37,776 INFO 0:9.64/2:21.09 6.84%
2021-10-06 09:51:37,776 INFO MP2/3 (MPEG audio layer 2/3) 125.00Kbps 2.15MB 51pts
2021-10-06 09:51:38,062 DEBUG w
2021-10-06 09:51:38,062 DEBUG ('w', '')
2021-10-06 09:51:38,062 INFO random 4 paused
2021-10-06 09:51:38,063 INFO [36mC:\All\Sakura\music\new\cv\Tr-09 - A Knight's Return.mp3[0m
2021-10-06 09:51:38,063 INFO 0:9.64/2:21.09 6.84%
2021-10-06 09:51:38,063 INFO MP2/3 (MPEG audio layer 2/3) 125.00Kbps 2.15MB 51pts
2021-10-06 09:51:38,404 DEBUG w
2021-10-06 09:51:38,404 DEBUG ('w', '')
2021-10-06 09:51:38,405 INFO random 4 paused
2021-10-06 09:51:38,405 INFO [36mC:\All\Sakura\music\new\cv\Tr-09 - A Knight's Return.mp3[0m
2021-10-06 09:51:38,406 INFO 0:9.64/2:21.09 6.84%
2021-10-06 09:51:38,406 INFO MP2/3 (MPEG audio layer 2/3) 125.00Kbps 2.15MB 51pts
2021-10-06 09:51:38,692 DEBUG 
2021-10-06 09:51:38,692 DEBUG ('', '')
2021-10-06 09:51:38,692 INFO None...
2021-10-06 09:51:38,994 DEBUG w
2021-10-06 09:51:38,994 DEBUG ('w', '')
2021-10-06 09:51:38,994 INFO random 4 paused
2021-10-06 09:51:38,995 INFO [36mC:\All\Sakura\music\new\cv\Tr-09 - A Knight's Return.mp3[0m
2021-10-06 09:51:38,995 INFO 0:9.64/2:21.09 6.84%
2021-10-06 09:51:38,996 INFO MP2/3 (MPEG audio layer 2/3) 125.00Kbps 2.15MB 51pts
2021-10-06 09:51:39,375 DEBUG w
2021-10-06 09:51:39,375 DEBUG ('w', '')
2021-10-06 09:51:39,375 INFO random 4 paused
2021-10-06 09:51:39,377 INFO [36mC:\All\Sakura\music\new\cv\Tr-09 - A Knight's Return.mp3[0m
2021-10-06 09:51:39,377 INFO 0:9.64/2:21.09 6.84%
2021-10-06 09:51:39,378 INFO MP2/3 (MPEG audio layer 2/3) 125.00Kbps 2.15MB 51pts
2021-10-06 09:51:39,707 DEBUG w
2021-10-06 09:51:39,707 DEBUG ('w', '')
2021-10-06 09:51:39,707 INFO random 4 paused
2021-10-06 09:51:39,708 INFO [36mC:\All\Sakura\music\new\cv\Tr-09 - A Knight's Return.mp3[0m
2021-10-06 09:51:39,708 INFO 0:9.64/2:21.09 6.84%
2021-10-06 09:51:39,709 INFO MP2/3 (MPEG audio layer 2/3) 125.00Kbps 2.15MB 51pts
2021-10-06 09:51:40,053 DEBUG w
2021-10-06 09:51:40,053 DEBUG ('w', '')
2021-10-06 09:51:40,054 INFO random 4 paused
2021-10-06 09:51:40,054 INFO [36mC:\All\Sakura\music\new\cv\Tr-09 - A Knight's Return.mp3[0m
2021-10-06 09:51:40,055 INFO 0:9.64/2:21.09 6.84%
2021-10-06 09:51:40,055 INFO MP2/3 (MPEG audio layer 2/3) 125.00Kbps 2.15MB 51pts
2021-10-06 09:51:40,390 DEBUG w
2021-10-06 09:51:40,390 DEBUG ('w', '')
2021-10-06 09:51:40,390 INFO random 4 paused
2021-10-06 09:51:40,391 INFO [36mC:\All\Sakura\music\new\cv\Tr-09 - A Knight's Return.mp3[0m
2021-10-06 09:51:40,392 INFO 0:9.64/2:21.09 6.84%
2021-10-06 09:51:40,392 INFO MP2/3 (MPEG audio layer 2/3) 125.00Kbps 2.15MB 51pts
2021-10-06 09:51:40,725 DEBUG w
2021-10-06 09:51:40,725 DEBUG ('w', '')
2021-10-06 09:51:40,725 INFO random 4 paused
2021-10-06 09:51:40,726 INFO [36mC:\All\Sakura\music\new\cv\Tr-09 - A Knight's Return.mp3[0m
2021-10-06 09:51:40,726 INFO 0:9.64/2:21.09 6.84%
2021-10-06 09:51:40,726 INFO MP2/3 (MPEG audio layer 2/3) 125.00Kbps 2.15MB 51pts
2021-10-06 09:51:41,167 DEBUG w
2021-10-06 09:51:41,167 DEBUG ('w', '')
2021-10-06 09:51:41,167 INFO random 4 paused
2021-10-06 09:51:41,168 INFO [36mC:\All\Sakura\music\new\cv\Tr-09 - A Knight's Return.mp3[0m
2021-10-06 09:51:41,169 INFO 0:9.64/2:21.09 6.84%
2021-10-06 09:51:41,169 INFO MP2/3 (MPEG audio layer 2/3) 125.00Kbps 2.15MB 51pts
2021-10-06 09:53:11,428 DEBUG w
2021-10-06 09:53:11,428 DEBUG ('w', '')
2021-10-06 09:53:11,428 INFO random 4 paused
2021-10-06 09:53:11,429 INFO [36mC:\All\Sakura\music\new\cv\Tr-09 - A Knight's Return.mp3[0m
2021-10-06 09:53:11,430 INFO 0:9.64/2:21.09 6.84%
2021-10-06 09:53:11,430 INFO MP2/3 (MPEG audio layer 2/3) 125.00Kbps 2.15MB 51pts
2021-10-06 09:53:12,430 DEBUG w
2021-10-06 09:53:12,430 DEBUG ('w', '')
2021-10-06 09:53:12,431 INFO random 4 paused
2021-10-06 09:53:12,432 INFO [36mC:\All\Sakura\music\new\cv\Tr-09 - A Knight's Return.mp3[0m
2021-10-06 09:53:12,432 INFO 0:9.64/2:21.09 6.84%
2021-10-06 09:53:12,433 INFO MP2/3 (MPEG audio layer 2/3) 125.00Kbps 2.15MB 51pts
2021-10-06 09:53:14,805 DEBUG p+
2021-10-06 09:53:14,805 DEBUG ('p', '')
2021-10-06 09:53:14,805 INFO restart
2021-10-06 09:53:15,010 WARNING ffprobe -show_format "C:\All\Sakura\music\new\cv\Tr-09 - A Knight's Return.mp3"
2021-10-06 09:53:15,057 INFO [36mC:\All\Sakura\music\new\cv\Tr-09 - A Knight's Return.mp3[0m
2021-10-06 09:53:15,057 WARNING ffplay -nodisp -autoexit -hide_banner -loglevel quiet "C:\All\Sakura\music\new\cv\Tr-09 - A Knight's Return.mp3"
2021-10-06 09:53:15,543 DEBUG w
2021-10-06 09:53:15,543 DEBUG ('w', '')
2021-10-06 09:53:15,543 INFO random 5 playing
2021-10-06 09:53:15,544 INFO [36mC:\All\Sakura\music\new\cv\Tr-09 - A Knight's Return.mp3[0m
2021-10-06 09:53:15,544 INFO 0:0.49/2:21.09 0.35%
2021-10-06 09:53:15,544 INFO MP2/3 (MPEG audio layer 2/3) 125.00Kbps 2.15MB 51pts
2021-10-06 09:53:20,972 DEBUG p
2021-10-06 09:53:20,973 DEBUG ('p', '')
2021-10-06 09:53:20,973 INFO None...
2021-10-06 09:53:20,973 INFO pause
2021-10-06 09:53:20,973 WARNING taskkill -f -im ffplay.exe
2021-10-06 09:53:24,642 DEBUG p
2021-10-06 09:53:24,642 DEBUG ('p', '')
2021-10-06 09:53:24,643 INFO restart
2021-10-06 09:53:24,772 WARNING ffprobe -show_format "C:\All\Sakura\music\new\cv\Tr-09 - A Knight's Return.mp3"
2021-10-06 09:53:24,822 INFO [36mC:\All\Sakura\music\new\cv\Tr-09 - A Knight's Return.mp3[0m
2021-10-06 09:53:24,823 WARNING ffplay -nodisp -autoexit -hide_banner -loglevel quiet -ss 5.916454315185547 "C:\All\Sakura\music\new\cv\Tr-09 - A Knight's Return.mp3"
2021-10-06 09:55:37,496 DEBUG m cycle
2021-10-06 09:55:37,496 DEBUG ('m', 'cycle')
2021-10-06 09:55:37,496 INFO None...
2021-10-06 09:55:40,470 DEBUG w
2021-10-06 09:55:40,470 DEBUG ('w', '')
2021-10-06 09:55:40,470 INFO cycle 6 playing
2021-10-06 09:55:40,471 INFO [36mC:\All\Sakura\music\new\cv\Tr-09 - A Knight's Return.mp3[0m
2021-10-06 09:55:40,471 INFO 2:21.57/2:21.09 100.34%
2021-10-06 09:55:40,471 INFO MP2/3 (MPEG audio layer 2/3) 125.00Kbps 2.15MB 51pts
2021-10-06 09:55:40,808 WARNING ffprobe -show_format "C:\All\Sakura\music\new\cv\Tr-07 - An Imposing Beast.mp3"
2021-10-06 09:55:40,859 INFO [36mC:\All\Sakura\music\new\cv\Tr-07 - An Imposing Beast.mp3[0m
2021-10-06 09:55:40,859 WARNING ffplay -nodisp -autoexit -hide_banner -loglevel quiet "C:\All\Sakura\music\new\cv\Tr-07 - An Imposing Beast.mp3"
2021-10-06 09:57:11,763 WARNING ffprobe -show_format "C:\All\Sakura\music\new\cv\Tr-08 - Successor.mp3"
2021-10-06 09:57:11,858 INFO [36mC:\All\Sakura\music\new\cv\Tr-08 - Successor.mp3[0m
2021-10-06 09:57:11,859 WARNING ffplay -nodisp -autoexit -hide_banner -loglevel quiet "C:\All\Sakura\music\new\cv\Tr-08 - Successor.mp3"
2021-10-06 09:59:13,631 WARNING ffprobe -show_format "C:\All\Sakura\music\new\cv\Tr-09 - A Knight's Return.mp3"
2021-10-06 09:59:13,681 INFO [36mC:\All\Sakura\music\new\cv\Tr-09 - A Knight's Return.mp3[0m
2021-10-06 09:59:13,682 WARNING ffplay -nodisp -autoexit -hide_banner -loglevel quiet "C:\All\Sakura\music\new\cv\Tr-09 - A Knight's Return.mp3"
2021-10-06 10:01:35,616 WARNING ffprobe -show_format "C:\All\Sakura\music\new\cv\Tr-10 - To Everlasting Glory.mp3"
2021-10-06 10:01:35,682 INFO [36mC:\All\Sakura\music\new\cv\Tr-10 - To Everlasting Glory.mp3[0m
2021-10-06 10:01:35,683 WARNING ffplay -nodisp -autoexit -hide_banner -loglevel quiet "C:\All\Sakura\music\new\cv\Tr-10 - To Everlasting Glory.mp3"
2021-10-06 10:02:56,337 WARNING ffprobe -show_format "C:\All\Sakura\music\new\cv\Tr-11 - Tears Aflame.mp3"
2021-10-06 10:02:56,394 INFO [36mC:\All\Sakura\music\new\cv\Tr-11 - Tears Aflame.mp3[0m
2021-10-06 10:02:56,395 WARNING ffplay -nodisp -autoexit -hide_banner -loglevel quiet "C:\All\Sakura\music\new\cv\Tr-11 - Tears Aflame.mp3"
2021-10-06 10:05:36,031 WARNING ffprobe -show_format "C:\All\Sakura\music\new\cv\Tr-12 - Requiem Tranquility and Light.mp3"
2021-10-06 10:05:36,101 INFO [36mC:\All\Sakura\music\new\cv\Tr-12 - Requiem Tranquility and Light.mp3[0m
2021-10-06 10:05:36,101 WARNING ffplay -nodisp -autoexit -hide_banner -loglevel quiet "C:\All\Sakura\music\new\cv\Tr-12 - Requiem Tranquility and Light.mp3"
2021-10-06 10:06:52,880 DEBUG exit
2021-10-06 10:06:52,880 DEBUG ('exit', '')
2021-10-06 10:06:52,880 WARNING taskkill -f -im ffplay.exe
